<?xml version="1.0" encoding="UTF-8"?>
<testng-results ignored="0" total="1" passed="1" failed="0" skipped="0">
  <reporter-output>
  </reporter-output>
  <suite started-at="2024-08-13T12:56:06 IST" name="Default suite" finished-at="2024-08-13T12:56:17 IST" duration-ms="10813">
    <groups>
    </groups>
    <test started-at="2024-08-13T12:56:06 IST" name="Default test" finished-at="2024-08-13T12:56:17 IST" duration-ms="10813">
      <class name="crudOperationsTest.PostOPerations">
        <test-method is-config="true" signature="requestResponseSpecBuilder()[pri:0, instance:crudOperationsTest.PostOPerations@4c371370]" started-at="2024-08-13T12:56:07 IST" name="requestResponseSpecBuilder" finished-at="2024-08-13T12:56:08 IST" duration-ms="1209" status="PASS">
          <reporter-output>
          </reporter-output>
        </test-method> <!-- requestResponseSpecBuilder -->
        <test-method signature="addSingleProjectWithCreated()[pri:0, instance:crudOperationsTest.PostOPerations@4c371370]" started-at="2024-08-13T12:56:08 IST" name="addSingleProjectWithCreated" finished-at="2024-08-13T12:56:17 IST" duration-ms="9494" status="PASS">
          <reporter-output>
          </reporter-output>
        </test-method> <!-- addSingleProjectWithCreated -->
      </class> <!-- crudOperationsTest.PostOPerations -->
    </test> <!-- Default test -->
  </suite> <!-- Default suite -->
</testng-results>
