<?xml version="1.0" encoding="UTF-8"?>
<testng-results ignored="0" total="1" passed="1" failed="0" skipped="0">
  <reporter-output>
  </reporter-output>
  <suite started-at="2024-08-13T11:21:59 IST" name="Default suite" finished-at="2024-08-13T11:22:05 IST" duration-ms="6148">
    <groups>
    </groups>
    <test started-at="2024-08-13T11:21:59 IST" name="Default test" finished-at="2024-08-13T11:22:05 IST" duration-ms="6148">
      <class name="crudOperationsTest.PostOPerations">
        <test-method signature="addSingleProjectWithCreated()[pri:0, instance:crudOperationsTest.PostOPerations@35cabb2a]" started-at="2024-08-13T11:21:59 IST" name="addSingleProjectWithCreated" finished-at="2024-08-13T11:22:05 IST" duration-ms="6076" status="PASS">
          <reporter-output>
          </reporter-output>
        </test-method> <!-- addSingleProjectWithCreated -->
      </class> <!-- crudOperationsTest.PostOPerations -->
    </test> <!-- Default test -->
  </suite> <!-- Default suite -->
</testng-results>
